<?xml version="1.0" encoding="UTF-8"?>
<!-- Generated by org.testng.reporters.JUnitReportReporter -->
<testsuite skipped="0" hostname="SELENIUM-PC" name="qsp.Demo" tests="1" failures="0" timestamp="15 Aug 2017 07:25:52 GMT" time="0.016" errors="0">
  <testcase name="test" time="0.016" classname="qsp.Demo"/>
</testsuite> <!-- qsp.Demo -->
