<?xml version="1.0" encoding="UTF-8"?>
<!-- Generated by org.testng.reporters.JUnitReportReporter -->
<testsuite name="com.project.test.ValidLogin" tests="2" time="108.326" ignored="0" failures="0" timestamp="16 Aug 2017 06:16:09 GMT" skipped="0" hostname="SELENIUM-PC" errors="0">
  <testcase name="testValidLogin" time="54.163" classname="com.project.test.ValidLogin"/>
  <testcase name="testValidLogin" time="54.163" classname="com.project.test.ValidLogin"/>
</testsuite> <!-- com.project.test.ValidLogin -->
